Using pre-set license
Built from '2020.3/staging' branch; Version is '2020.3.9f1 (108be757e447) revision 1084391'; Using compiler version '192528614'; Build Type 'Release'
OS: 'Windows 10 Home; OS build 19042.1348; Version 2009; 64bit' Language: 'es' Physical Memory: 16322 MB
BatchMode: 1, IsHumanControllingUs: 0, StartBugReporterOnCrash: 0, Is64bit: 1, IsPro: 0

 COMMAND LINE ARGUMENTS:
C:\Program Files\Unity\Hub\Editor\2020.3.9f1\Editor\Unity.exe
-adb2
-batchMode
-noUpm
-name
AssetImportWorker0
-projectPath
D:/UNITYYYY/entregable_opcional_4/entregable_opcional_4/opcional_4
-logFile
Logs/AssetImportWorker0.log
-srvPort
56984
Successfully changed project path to: D:/UNITYYYY/entregable_opcional_4/entregable_opcional_4/opcional_4
D:/UNITYYYY/entregable_opcional_4/entregable_opcional_4/opcional_4
Using Asset Import Pipeline V2.
Refreshing native plugins compatible for Editor in 18.12 ms, found 0 plugins.
Preloading 0 native plugins for Editor in 0.00 ms.
Initialize engine version: 2020.3.9f1 (108be757e447)
[Subsystems] Discovering subsystems at path C:/Program Files/Unity/Hub/Editor/2020.3.9f1/Editor/Data/Resources/UnitySubsystems
[Subsystems] Discovering subsystems at path D:/UNITYYYY/entregable_opcional_4/entregable_opcional_4/opcional_4/Assets
GfxDevice: creating device client; threaded=0
Direct3D:
    Version:  Direct3D 11.0 [level 11.1]
    Renderer: NVIDIA GeForce RTX 2060 SUPER (ID=0x1f06)
    Vendor:   
    VRAM:     8031 MB
    Driver:   27.21.14.5671
Initialize mono
Mono path[0] = 'C:/Program Files/Unity/Hub/Editor/2020.3.9f1/Editor/Data/Managed'
Mono path[1] = 'C:/Program Files/Unity/Hub/Editor/2020.3.9f1/Editor/Data/MonoBleedingEdge/lib/mono/unityjit'
Mono config path = 'C:/Program Files/Unity/Hub/Editor/2020.3.9f1/Editor/Data/MonoBleedingEdge/etc'
Using monoOptions --debugger-agent=transport=dt_socket,embedding=1,server=y,suspend=n,address=127.0.0.1:56788
Begin MonoManager ReloadAssembly
Registering precompiled unity dll's ...
Register platform support module: C:/Program Files/Unity/Hub/Editor/2020.3.9f1/Editor/Data/PlaybackEngines/WindowsStandaloneSupport/UnityEditor.WindowsStandalone.Extensions.dll
Registered in 0.001873 seconds.
Native extension for WindowsStandalone target not found
Refreshing native plugins compatible for Editor in 19.03 ms, found 0 plugins.
Preloading 0 native plugins for Editor in 0.00 ms.
Mono: successfully reloaded assembly
- Completed reload, in  0.898 seconds
Platform modules already initialized, skipping
Registering precompiled user dll's ...
Registered in 0.000594 seconds.
Begin MonoManager ReloadAssembly
Native extension for WindowsStandalone target not found
Refreshing native plugins compatible for Editor in 0.16 ms, found 0 plugins.
Preloading 0 native plugins for Editor in 0.00 ms.
Mono: successfully reloaded assembly
- Completed reload, in  0.700 seconds
Platform modules already initialized, skipping
========================================================================
Worker process is ready to serve import requests
Launched and connected shader compiler UnityShaderCompiler.exe after 0.04 seconds
Refreshing native plugins compatible for Editor in 0.16 ms, found 0 plugins.
Preloading 0 native plugins for Editor in 0.00 ms.
Unloading 1128 Unused Serialized files (Serialized files now loaded: 0)
System memory in use before: 59.3 MB.
System memory in use after: 59.3 MB.

Unloading 10 unused Assets to reduce memory usage. Loaded Objects now: 1570.
Total: 1.258800 ms (FindLiveObjects: 0.101000 ms CreateObjectMapping: 0.028300 ms MarkObjects: 1.068800 ms  DeleteObjects: 0.059900 ms)

========================================================================
Received Import Request.
  path: Assets/TextMesh Pro/Fonts/LiberationSans.ttf
  artifactKey: Guid(e3265ab4bf004d28a9537516768c1c75) Importer(815301076,1909f56bfc062723c751e8b465ee728b)
Start importing Assets/TextMesh Pro/Fonts/LiberationSans.ttf using Guid(e3265ab4bf004d28a9537516768c1c75) Importer(815301076,1909f56bfc062723c751e8b465ee728b)  -> (artifact id: 'bdddd331c3f1b7826858a8d92db67e39') in 0.093984 seconds
  Import took 0.107805 seconds .

========================================================================
Received Import Request.
  Time since last request: 0.000184 seconds.
  path: Assets/TextMesh Pro/Fonts
  artifactKey: Guid(6ab70aee4d56447429c680537fbf93ed) Importer(815301076,1909f56bfc062723c751e8b465ee728b)
Start importing Assets/TextMesh Pro/Fonts using Guid(6ab70aee4d56447429c680537fbf93ed) Importer(815301076,1909f56bfc062723c751e8b465ee728b)  -> (artifact id: 'c860dfdf0522eec1202f36843e52d436') in 0.005316 seconds
  Import took 0.007498 seconds .

========================================================================
Received Import Request.
  Time since last request: 4.866796 seconds.
  path: Assets/TextMesh Pro/Resources/TMP Settings.asset
  artifactKey: Guid(3f5b5dff67a942289a9defa416b206f3) Importer(815301076,1909f56bfc062723c751e8b465ee728b)
Start importing Assets/TextMesh Pro/Resources/TMP Settings.asset using Guid(3f5b5dff67a942289a9defa416b206f3) Importer(815301076,1909f56bfc062723c751e8b465ee728b)  -> (artifact id: '80217e6c75f9d2e4957cbc8093faaf48') in 0.057547 seconds
  Import took 0.059534 seconds .

========================================================================
Received Import Request.
  Time since last request: 3.464106 seconds.
  path: Assets/TextMesh Pro/Sprites/EmojiOne.png
  artifactKey: Guid(dffef66376be4fa480fb02b19edbe903) Importer(815301076,1909f56bfc062723c751e8b465ee728b)
Start importing Assets/TextMesh Pro/Sprites/EmojiOne.png using Guid(dffef66376be4fa480fb02b19edbe903) Importer(815301076,1909f56bfc062723c751e8b465ee728b)  -> (artifact id: 'd78a27303d38c5bc73b55289faa0930d') in 0.038007 seconds
  Import took 0.039515 seconds .

========================================================================
Received Import Request.
  Time since last request: 71.570966 seconds.
  path: Assets
  artifactKey: Guid(00000000000000001000000000000000) Importer(815301076,1909f56bfc062723c751e8b465ee728b)
Start importing Assets using Guid(00000000000000001000000000000000) Importer(815301076,1909f56bfc062723c751e8b465ee728b)  -> (artifact id: '42d402b061de3733987d63b9cc3b64de') in 0.005579 seconds
  Import took 0.013746 seconds .

========================================================================
Received Import Request.
  Time since last request: 9.167253 seconds.
  path: Assets/Script
  artifactKey: Guid(f9b8e28b1cd78014795ee6b147733f72) Importer(815301076,1909f56bfc062723c751e8b465ee728b)
Start importing Assets/Script using Guid(f9b8e28b1cd78014795ee6b147733f72) Importer(815301076,1909f56bfc062723c751e8b465ee728b)  -> (artifact id: '9e3ea57a984f114be0dbef37d17025a0') in 0.005411 seconds
  Import took 0.019983 seconds .

========================================================================
Received Import Request.
  Time since last request: 21.065884 seconds.
  path: Assets/Script/contador.cs
  artifactKey: Guid(e681954410411e04782deadefad296d6) Importer(815301076,1909f56bfc062723c751e8b465ee728b)
Start importing Assets/Script/contador.cs using Guid(e681954410411e04782deadefad296d6) Importer(815301076,1909f56bfc062723c751e8b465ee728b)  -> (artifact id: '01b313abcdf0f01f276035b76c45fd93') in 0.018344 seconds
  Import took 0.020450 seconds .

========================================================================
Received Prepare
Registering precompiled user dll's ...
Registered in 0.000564 seconds.
Begin MonoManager ReloadAssembly
Native extension for WindowsStandalone target not found
Refreshing native plugins compatible for Editor in 0.16 ms, found 0 plugins.
Preloading 0 native plugins for Editor in 0.00 ms.
Mono: successfully reloaded assembly
- Completed reload, in  0.652 seconds
Platform modules already initialized, skipping
Refreshing native plugins compatible for Editor in 0.19 ms, found 0 plugins.
Preloading 0 native plugins for Editor in 0.00 ms.
Unloading 1111 Unused Serialized files (Serialized files now loaded: 0)
System memory in use before: 61.4 MB.
System memory in use after: 61.5 MB.

Unloading 5 unused Assets to reduce memory usage. Loaded Objects now: 1619.
Total: 1.306800 ms (FindLiveObjects: 0.095300 ms CreateObjectMapping: 0.025500 ms MarkObjects: 1.146200 ms  DeleteObjects: 0.038800 ms)

========================================================================
Received Import Request.
  Time since last request: 217.403548 seconds.
  path: Assets/Script/contador.cs
  artifactKey: Guid(e681954410411e04782deadefad296d6) Importer(815301076,1909f56bfc062723c751e8b465ee728b)
Start importing Assets/Script/contador.cs using Guid(e681954410411e04782deadefad296d6) Importer(815301076,1909f56bfc062723c751e8b465ee728b)  -> (artifact id: '3abb382344b16be33385af3e48cf8865') in 0.004544 seconds
  Import took 0.006458 seconds .

========================================================================
Received Import Request.
  Time since last request: 39.667413 seconds.
  path: Assets/Script/contador.cs
  artifactKey: Guid(e681954410411e04782deadefad296d6) Importer(815301076,1909f56bfc062723c751e8b465ee728b)
Start importing Assets/Script/contador.cs using Guid(e681954410411e04782deadefad296d6) Importer(815301076,1909f56bfc062723c751e8b465ee728b)  -> (artifact id: '54e0fce040d43f2f4961fdd73be2b242') in 0.004647 seconds
  Import took 0.016368 seconds .

========================================================================
Received Import Request.
  Time since last request: 14.642189 seconds.
  path: Assets/Script/contador.cs
  artifactKey: Guid(e681954410411e04782deadefad296d6) Importer(815301076,1909f56bfc062723c751e8b465ee728b)
Start importing Assets/Script/contador.cs using Guid(e681954410411e04782deadefad296d6) Importer(815301076,1909f56bfc062723c751e8b465ee728b)  -> (artifact id: 'eb02b272a47e1ffc5468041e93ce899f') in 0.003351 seconds
  Import took 0.005526 seconds .

========================================================================
Received Import Request.
  Time since last request: 272.984299 seconds.
  path: Assets/Script/contador.cs
  artifactKey: Guid(e681954410411e04782deadefad296d6) Importer(815301076,1909f56bfc062723c751e8b465ee728b)
Start importing Assets/Script/contador.cs using Guid(e681954410411e04782deadefad296d6) Importer(815301076,1909f56bfc062723c751e8b465ee728b)  -> (artifact id: 'd00d23841778bb475db53c4f96eeac4b') in 0.003838 seconds
  Import took 0.017633 seconds .

========================================================================
Received Import Request.
  Time since last request: 0.001069 seconds.
  path: Assets/Script/contador.cs
  artifactKey: Guid(e681954410411e04782deadefad296d6) Importer(815301076,1909f56bfc062723c751e8b465ee728b)
Start importing Assets/Script/contador.cs using Guid(e681954410411e04782deadefad296d6) Importer(815301076,1909f56bfc062723c751e8b465ee728b)  -> (artifact id: 'd00d23841778bb475db53c4f96eeac4b') in 0.002475 seconds
  Import took 0.004320 seconds .

========================================================================
Received Import Request.
  Time since last request: 431.475769 seconds.
  path: Assets/Script/contador.cs
  artifactKey: Guid(e681954410411e04782deadefad296d6) Importer(815301076,1909f56bfc062723c751e8b465ee728b)
Start importing Assets/Script/contador.cs using Guid(e681954410411e04782deadefad296d6) Importer(815301076,1909f56bfc062723c751e8b465ee728b)  -> (artifact id: '44c674e03992c3049f6dddff24079173') in 0.005026 seconds
  Import took 0.007542 seconds .

========================================================================
Received Import Request.
  Time since last request: 24.198688 seconds.
  path: Assets/Script/contador.cs
  artifactKey: Guid(e681954410411e04782deadefad296d6) Importer(815301076,1909f56bfc062723c751e8b465ee728b)
Start importing Assets/Script/contador.cs using Guid(e681954410411e04782deadefad296d6) Importer(815301076,1909f56bfc062723c751e8b465ee728b)  -> (artifact id: '9fcefd48c107dbbe198f11ed5d124acb') in 0.003015 seconds
  Import took 0.005020 seconds .

========================================================================
Received Prepare
Registering precompiled user dll's ...
Registered in 0.000813 seconds.
Begin MonoManager ReloadAssembly
Native extension for WindowsStandalone target not found
Refreshing native plugins compatible for Editor in 0.16 ms, found 0 plugins.
Preloading 0 native plugins for Editor in 0.00 ms.
Mono: successfully reloaded assembly
- Completed reload, in  0.644 seconds
Platform modules already initialized, skipping
Refreshing native plugins compatible for Editor in 0.16 ms, found 0 plugins.
Preloading 0 native plugins for Editor in 0.00 ms.
Unloading 1111 Unused Serialized files (Serialized files now loaded: 0)
System memory in use before: 61.4 MB.
System memory in use after: 61.5 MB.

Unloading 5 unused Assets to reduce memory usage. Loaded Objects now: 1622.
Total: 1.445200 ms (FindLiveObjects: 0.094600 ms CreateObjectMapping: 0.024000 ms MarkObjects: 1.246300 ms  DeleteObjects: 0.079300 ms)

========================================================================
Received Import Request.
  Time since last request: 26.859376 seconds.
  path: Assets/Script/contador.cs
  artifactKey: Guid(e681954410411e04782deadefad296d6) Importer(815301076,1909f56bfc062723c751e8b465ee728b)
Start importing Assets/Script/contador.cs using Guid(e681954410411e04782deadefad296d6) Importer(815301076,1909f56bfc062723c751e8b465ee728b)  -> (artifact id: 'bf81142b62ed28af1bb6cce502878cd7') in 0.003737 seconds
  Import took 0.005175 seconds .

========================================================================
Received Prepare
Registering precompiled user dll's ...
Registered in 0.000677 seconds.
Begin MonoManager ReloadAssembly
Native extension for WindowsStandalone target not found
Refreshing native plugins compatible for Editor in 0.16 ms, found 0 plugins.
Preloading 0 native plugins for Editor in 0.00 ms.
Mono: successfully reloaded assembly
- Completed reload, in  0.635 seconds
Platform modules already initialized, skipping
Refreshing native plugins compatible for Editor in 0.16 ms, found 0 plugins.
Preloading 0 native plugins for Editor in 0.00 ms.
Unloading 1111 Unused Serialized files (Serialized files now loaded: 0)
System memory in use before: 61.4 MB.
System memory in use after: 61.5 MB.

Unloading 5 unused Assets to reduce memory usage. Loaded Objects now: 1625.
Total: 1.255600 ms (FindLiveObjects: 0.093300 ms CreateObjectMapping: 0.026100 ms MarkObjects: 1.098500 ms  DeleteObjects: 0.037000 ms)

========================================================================
Received Prepare
Registering precompiled user dll's ...
Registered in 0.000583 seconds.
Begin MonoManager ReloadAssembly
Native extension for WindowsStandalone target not found
Refreshing native plugins compatible for Editor in 0.17 ms, found 0 plugins.
Preloading 0 native plugins for Editor in 0.00 ms.
Mono: successfully reloaded assembly
- Completed reload, in  0.657 seconds
Platform modules already initialized, skipping
Refreshing native plugins compatible for Editor in 0.16 ms, found 0 plugins.
Preloading 0 native plugins for Editor in 0.00 ms.
Unloading 1111 Unused Serialized files (Serialized files now loaded: 0)
System memory in use before: 61.4 MB.
System memory in use after: 61.5 MB.

Unloading 5 unused Assets to reduce memory usage. Loaded Objects now: 1628.
Total: 1.303200 ms (FindLiveObjects: 0.095400 ms CreateObjectMapping: 0.027100 ms MarkObjects: 1.142100 ms  DeleteObjects: 0.038000 ms)

AssetImportWorkerClient::OnTransportError - code=2 error=End of file
